\BOOKMARK [1][-]{section.1}{Introduction}{}% 1
\BOOKMARK [1][-]{section.2}{MVC}{}% 2
\BOOKMARK [2][-]{subsection.2.1}{But du projet en MVC}{section.2}% 3
\BOOKMARK [2][-]{subsection.2.2}{Comment fonctionne le MVC}{section.2}% 4
\BOOKMARK [1][-]{section.3}{Modele}{}% 5
\BOOKMARK [2][-]{subsection.3.1}{Plan du modele}{section.3}% 6
\BOOKMARK [3][-]{subsubsection.3.1.1}{AbstractJoueur}{subsection.3.1}% 7
\BOOKMARK [3][-]{subsubsection.3.1.2}{Creation des 2 instances Joueurs}{subsection.3.1}% 8
\BOOKMARK [3][-]{subsubsection.3.1.3}{BattleShip}{subsection.3.1}% 9
\BOOKMARK [2][-]{subsection.3.2}{Bateau et Coordonner}{section.3}% 10
\BOOKMARK [3][-]{subsubsection.3.2.1}{Implementation du MVC depuis le modele}{subsection.3.2}% 11
\BOOKMARK [1][-]{section.4}{Vue}{}% 12
\BOOKMARK [2][-]{subsection.4.1}{L'implementation du Mvc depuis la Vue}{section.4}% 13
\BOOKMARK [2][-]{subsection.4.2}{Jframe}{section.4}% 14
\BOOKMARK [2][-]{subsection.4.3}{Jpanel}{section.4}% 15
\BOOKMARK [3][-]{subsubsection.4.3.1}{Le PaintComponent}{subsection.4.3}% 16
\BOOKMARK [3][-]{subsubsection.4.3.2}{Afficher les bateaux alli\351s}{subsection.4.3}% 17
\BOOKMARK [3][-]{subsubsection.4.3.3}{Les Coups execut\351s}{subsection.4.3}% 18
\BOOKMARK [3][-]{subsubsection.4.3.4}{L'action Listener de la souris}{subsection.4.3}% 19
\BOOKMARK [1][-]{section.5}{Controleur}{}% 20
\BOOKMARK [2][-]{subsection.5.1}{Orchestrator}{section.5}% 21
\BOOKMARK [3][-]{subsubsection.5.1.1}{getJouer\(\)}{subsection.5.1}% 22
\BOOKMARK [3][-]{subsubsection.5.1.2}{play\(int affichage\)}{subsection.5.1}% 23
\BOOKMARK [2][-]{subsection.5.2}{Le Main}{section.5}% 24
\BOOKMARK [2][-]{subsection.5.3}{L'implementation du Mvc depuis le contr\364leur}{section.5}% 25
\BOOKMARK [1][-]{section.6}{Les Tests}{}% 26
\BOOKMARK [1][-]{section.7}{Conclusion}{}% 27
